{
  "RSpec": {
    "coverage": {
      "/Users/Bob/Desktop/Development/bobbit-/config/environment.rb": [
        null,
        1,
        null,
        null,
        1
      ],
      "/Users/Bob/Desktop/Development/bobbit-/config/application.rb": [
        1,
        null,
        null,
        1,
        1,
        1,
        1,
        1,
        1,
        null,
        null,
        null,
        null,
        1,
        null,
        1,
        1,
        null,
        null,
        null,
        null,
        null,
        null,
        null,
        null,
        null,
        null,
        null,
        1,
        null,
        null
      ],
      "/Users/Bob/Desktop/Development/bobbit-/config/boot.rb": [
        null,
        1,
        null,
        1
      ],
      "/Users/Bob/Desktop/Development/bobbit-/config/environments/test.rb": [
        1,
        null,
        null,
        null,
        null,
        null,
        null,
        1,
        null,
        null,
        null,
        null,
        1,
        null,
        null,
        1,
        1,
        null,
        null,
        1,
        1,
        null,
        null,
        1,
        null,
        null,
        1,
        null,
        null,
        null,
        null,
        1,
        null,
        null,
        1,
        null,
        null,
        null,
        null
      ],
      "/Users/Bob/Desktop/Development/bobbit-/config/initializers/assets.rb": [
        null,
        null,
        null,
        1,
        null,
        null,
        null,
        null
      ],
      "/Users/Bob/Desktop/Development/bobbit-/config/initializers/backtrace_silencers.rb": [
        null,
        null,
        null,
        null,
        null,
        null,
        null
      ],
      "/Users/Bob/Desktop/Development/bobbit-/config/initializers/cookies_serializer.rb": [
        null,
        null,
        1
      ],
      "/Users/Bob/Desktop/Development/bobbit-/config/initializers/devise.rb": [
        null,
        null,
        1,
        null,
        null,
        null,
        1,
        null,
        null,
        null,
        null,
        null,
        null,
        null,
        null,
        1,
        null,
        null,
        null,
        null,
        null,
        null,
        null,
        null,
        null,
        null,
        null,
        null,
        null,
        null,
        null,
        null,
        null,
        null,
        null,
        null,
        null,
        1,
        null,
        null,
        null,
        null,
        1,
        null,
        null,
        null,
        null,
        null,
        null,
        null,
        null,
        null,
        null,
        null,
        null,
        null,
        null,
        null,
        null,
        null,
        null,
        null,
        null,
        null,
        null,
        null,
        null,
        null,
        null,
        null,
        null,
        null,
        null,
        null,
        null,
        null,
        1,
        null,
        null,
        null,
        null,
        null,
        null,
        null,
        null,
        1,
        null,
        null,
        null,
        null,
        null,
        null,
        null,
        null,
        null,
        null,
        null,
        null,
        null,
        null,
        null,
        null,
        null,
        null,
        null,
        null,
        null,
        null,
        null,
        null,
        1,
        null,
        null,
        null,
        null,
        null,
        null,
        null,
        null,
        null,
        null,
        null,
        null,
        null,
        null,
        null,
        null,
        null,
        1,
        null,
        null,
        null,
        null,
        null,
        null,
        null,
        null,
        null,
        null,
        null,
        null,
        null,
        null,
        null,
        null,
        null,
        null,
        null,
        null,
        null,
        null,
        null,
        null,
        null,
        null,
        null,
        null,
        null,
        null,
        null,
        null,
        null,
        null,
        null,
        null,
        null,
        null,
        null,
        null,
        null,
        null,
        null,
        null,
        null,
        1,
        null,
        null,
        null,
        null,
        null,
        null,
        null,
        null,
        null,
        null,
        null,
        null,
        null,
        null,
        null,
        null,
        null,
        null,
        null,
        null,
        null,
        null,
        null,
        null,
        null,
        null,
        null,
        null,
        null,
        null,
        null,
        null,
        null,
        null,
        null,
        null,
        null,
        null,
        null,
        null,
        null,
        1,
        null,
        null,
        null,
        null,
        null,
        null,
        null,
        null,
        null,
        null,
        null,
        null,
        null,
        null,
        null,
        null,
        null,
        null,
        null,
        null,
        null,
        null,
        null,
        null,
        null,
        null,
        null,
        null,
        null
      ],
      "/Users/Bob/Desktop/Development/bobbit-/config/initializers/filter_parameter_logging.rb": [
        null,
        null,
        null,
        1
      ],
      "/Users/Bob/Desktop/Development/bobbit-/config/initializers/inflections.rb": [
        null,
        null,
        null,
        null,
        null,
        null,
        null,
        null,
        null,
        null,
        null,
        null,
        null,
        null,
        null,
        null
      ],
      "/Users/Bob/Desktop/Development/bobbit-/config/initializers/mime_types.rb": [
        null,
        null,
        null,
        null
      ],
      "/Users/Bob/Desktop/Development/bobbit-/config/initializers/session_store.rb": [
        null,
        null,
        1
      ],
      "/Users/Bob/Desktop/Development/bobbit-/config/initializers/stripes.rb": [
        1,
        null,
        null,
        null,
        null,
        1
      ],
      "/Users/Bob/Desktop/Development/bobbit-/config/initializers/wrap_parameters.rb": [
        null,
        null,
        null,
        null,
        null,
        null,
        1,
        1,
        null,
        null,
        null,
        null,
        null,
        null
      ],
      "/Users/Bob/Desktop/Development/bobbit-/config/routes.rb": [
        1,
        1,
        null,
        1,
        null,
        1,
        null,
        1,
        null,
        1,
        1,
        1,
        1,
        1,
        null,
        null,
        null
      ],
      "/Users/Bob/Desktop/Development/bobbit-/app/models/user.rb": [
        1,
        null,
        null,
        null,
        1,
        null,
        null
      ],
      "/Users/Bob/Desktop/Development/bobbit-/app/helpers/application_helper.rb": [
        1,
        null
      ],
      "/Users/Bob/Desktop/Development/bobbit-/app/helpers/charges_helper.rb": [
        1,
        null
      ],
      "/Users/Bob/Desktop/Development/bobbit-/app/helpers/comments_helper.rb": [
        1,
        null
      ],
      "/Users/Bob/Desktop/Development/bobbit-/app/helpers/dislikes_helper.rb": [
        1,
        null
      ],
      "/Users/Bob/Desktop/Development/bobbit-/app/helpers/likes_helper.rb": [
        1,
        null
      ],
      "/Users/Bob/Desktop/Development/bobbit-/app/helpers/pages_helper.rb": [
        1,
        null
      ],
      "/Users/Bob/Desktop/Development/bobbit-/app/helpers/posts_helper.rb": [
        1,
        null,
        null,
        null,
        null
      ],
      "/Users/Bob/Desktop/Development/bobbit-/app/controllers/charges_controller.rb": [
        1,
        null,
        1,
        null,
        1,
        null,
        0,
        0,
        null,
        0,
        null,
        null,
        null,
        null,
        0,
        null,
        null,
        null,
        null,
        null,
        null,
        null,
        0,
        0,
        null,
        null,
        null,
        null
      ],
      "/Users/Bob/Desktop/Development/bobbit-/app/controllers/application_controller.rb": [
        1,
        null,
        null,
        1,
        null,
        1,
        null,
        1,
        1,
        null,
        1,
        47,
        null,
        null,
        1,
        17,
        26,
        17,
        null,
        null,
        null
      ],
      "/Users/Bob/Desktop/Development/bobbit-/app/controllers/comments_controller.rb": [
        1,
        null,
        1,
        null,
        1,
        1,
        1,
        1,
        1,
        null,
        null,
        null
      ],
      "/Users/Bob/Desktop/Development/bobbit-/app/controllers/dislikes_controller.rb": [
        1,
        null,
        1,
        null,
        1,
        0,
        0,
        null,
        null,
        null
      ],
      "/Users/Bob/Desktop/Development/bobbit-/app/controllers/likes_controller.rb": [
        1,
        null,
        1,
        null,
        1,
        0,
        0,
        0,
        null,
        null,
        null
      ],
      "/Users/Bob/Desktop/Development/bobbit-/app/controllers/posts_controller.rb": [
        1,
        null,
        1,
        null,
        1,
        0,
        0,
        0,
        null,
        null,
        1,
        3,
        3,
        3,
        null,
        null,
        1,
        1,
        1,
        null,
        null,
        1,
        0,
        0,
        null,
        null,
        1,
        1,
        null,
        null,
        null
      ],
      "/Users/Bob/Desktop/Development/bobbit-/app/models/comment.rb": [
        1,
        1,
        null
      ],
      "/Users/Bob/Desktop/Development/bobbit-/app/models/dislike.rb": [
        1,
        1,
        null
      ],
      "/Users/Bob/Desktop/Development/bobbit-/app/models/like.rb": [
        1,
        1,
        null
      ],
      "/Users/Bob/Desktop/Development/bobbit-/app/models/post.rb": [
        1,
        1,
        null,
        null,
        null,
        null,
        null,
        null,
        null,
        null,
        1,
        null,
        1,
        1,
        1,
        null,
        1,
        0,
        null,
        null,
        1,
        null,
        3,
        null,
        null,
        1,
        7,
        null,
        null,
        1,
        7,
        null,
        null,
        1,
        0,
        null,
        null,
        1,
        7,
        null,
        null,
        1,
        0,
        null,
        null,
        1,
        0,
        null,
        null,
        1,
        0,
        null,
        null,
        1,
        0,
        0,
        0,
        null,
        null,
        null,
        null
      ],
      "/Users/Bob/Desktop/Development/bobbit-/app/controllers/pages_controller.rb": [
        1,
        1,
        1,
        23,
        23,
        23,
        23,
        23,
        null,
        null,
        1,
        0,
        0,
        0,
        0,
        0,
        null,
        null,
        null
      ]
    },
    "timestamp": 1409067311
  }
}
